<?xml version="1.0" encoding="UTF-8"?>
<testsuite name="EmployerTest$EmployerORMLiteDaoTest" tests="17" skipped="0" failures="0" errors="0" timestamp="2021-09-24T23:14:22" hostname="DESKTOP-K9BLV0I" time="0.786">
  <properties/>
  <testcase name="testDeleteAllFieldsMatch()" classname="EmployerTest$EmployerORMLiteDaoTest" time="0.069"/>
  <testcase name="testReadMutipleEmployers()" classname="EmployerTest$EmployerORMLiteDaoTest" time="0.035"/>
  <testcase name="testUpdate1()" classname="EmployerTest$EmployerORMLiteDaoTest" time="0.064"/>
  <testcase name="testUpdate2()" classname="EmployerTest$EmployerORMLiteDaoTest" time="0.074"/>
  <testcase name="testUpdate3()" classname="EmployerTest$EmployerORMLiteDaoTest" time="0.054"/>
  <testcase name="testUpdate4()" classname="EmployerTest$EmployerORMLiteDaoTest" time="0.047"/>
  <testcase name="testUpdateSector()" classname="EmployerTest$EmployerORMLiteDaoTest" time="0.05"/>
  <testcase name="testCreateSectorEmpty()" classname="EmployerTest$EmployerORMLiteDaoTest" time="0.04"/>
  <testcase name="testCreate1()" classname="EmployerTest$EmployerORMLiteDaoTest" time="0.044"/>
  <testcase name="testCreate2()" classname="EmployerTest$EmployerORMLiteDaoTest" time="0.059"/>
  <testcase name="testCreate3()" classname="EmployerTest$EmployerORMLiteDaoTest" time="0.04"/>
  <testcase name="testCreate4()" classname="EmployerTest$EmployerORMLiteDaoTest" time="0.03"/>
  <testcase name="testDelete1()" classname="EmployerTest$EmployerORMLiteDaoTest" time="0.032"/>
  <testcase name="testDelete2()" classname="EmployerTest$EmployerORMLiteDaoTest" time="0.041"/>
  <testcase name="testDelete3()" classname="EmployerTest$EmployerORMLiteDaoTest" time="0.045"/>
  <testcase name="testDelete4()" classname="EmployerTest$EmployerORMLiteDaoTest" time="0.03"/>
  <testcase name="testCreateNameNull()" classname="EmployerTest$EmployerORMLiteDaoTest" time="0.02"/>
  <system-out><![CDATA[2021-09-24 19:14:22,098 [WARNING] ANDROID Unable to get new instance of class com.j256.ormlite.android.AndroidLogBackend$AndroidLogBackendFactory, so had to use local log: com.j256.ormlite.android.AndroidLogBackend$AndroidLogBackendFactory
2021-09-24 19:14:22,102 [WARNING] COMMONS_LOGGING Unable to get new instance of class com.j256.ormlite.logger.CommonsLoggingLogBackend$CommonsLoggingLogBackendFactory, so had to use local log: org/apache/commons/logging/LogFactory
2021-09-24 19:14:22,104 [WARNING] LOG4J2 Unable to get new instance of class com.j256.ormlite.logger.Log4j2LogBackend$Log4j2LogBackendFactory, so had to use local log: org/apache/logging/log4j/LogManager
2021-09-24 19:14:22,105 [WARNING] LOG4J Unable to get new instance of class com.j256.ormlite.logger.Log4jLogBackend$Log4jLogBackendFactory, so had to use local log: org/apache/log4j/Priority
]]></system-out>
  <system-err><![CDATA[[Test worker] INFO com.j256.ormlite.table.TableUtils - creating table 'employers'
[Test worker] INFO com.j256.ormlite.table.TableUtils - executed create table statement changed 0 rows: CREATE TABLE IF NOT EXISTS `employers` (`id` INTEGER PRIMARY KEY AUTOINCREMENT , `name` VARCHAR NOT NULL , `sector` VARCHAR NOT NULL , `summary` VARCHAR ,  UNIQUE (`name`)) 
[Test worker] INFO com.j256.ormlite.table.TableUtils - clearing table 'employers' with 'DELETE FROM `employers`
[Test worker] INFO com.j256.ormlite.table.TableUtils - clearing table 'employers' with 'DELETE FROM `employers`
[Test worker] INFO com.j256.ormlite.table.TableUtils - clearing table 'employers' with 'DELETE FROM `employers`
[Test worker] INFO com.j256.ormlite.table.TableUtils - clearing table 'employers' with 'DELETE FROM `employers`
[Test worker] INFO com.j256.ormlite.table.TableUtils - clearing table 'employers' with 'DELETE FROM `employers`
[Test worker] INFO com.j256.ormlite.table.TableUtils - clearing table 'employers' with 'DELETE FROM `employers`
[Test worker] INFO com.j256.ormlite.table.TableUtils - clearing table 'employers' with 'DELETE FROM `employers`
[Test worker] INFO com.j256.ormlite.table.TableUtils - clearing table 'employers' with 'DELETE FROM `employers`
[Test worker] INFO com.j256.ormlite.table.TableUtils - clearing table 'employers' with 'DELETE FROM `employers`
[Test worker] INFO com.j256.ormlite.table.TableUtils - clearing table 'employers' with 'DELETE FROM `employers`
[Test worker] INFO com.j256.ormlite.table.TableUtils - clearing table 'employers' with 'DELETE FROM `employers`
[Test worker] INFO com.j256.ormlite.table.TableUtils - clearing table 'employers' with 'DELETE FROM `employers`
[Test worker] INFO com.j256.ormlite.table.TableUtils - clearing table 'employers' with 'DELETE FROM `employers`
[Test worker] INFO com.j256.ormlite.table.TableUtils - clearing table 'employers' with 'DELETE FROM `employers`
[Test worker] INFO com.j256.ormlite.table.TableUtils - clearing table 'employers' with 'DELETE FROM `employers`
[Test worker] INFO com.j256.ormlite.table.TableUtils - clearing table 'employers' with 'DELETE FROM `employers`
[Test worker] INFO com.j256.ormlite.table.TableUtils - clearing table 'employers' with 'DELETE FROM `employers`
]]></system-err>
</testsuite>
