<?xml version="1.0" encoding="UTF-8"?>
<testsuite name="SearchTest$SearchAPITest" tests="1" skipped="0" failures="0" errors="0" timestamp="2021-10-05T20:57:24" hostname="Siqi-Cao.local" time="0.088">
  <properties/>
  <testcase name="testHTTPGetSearchEndpointCompanyNameExactly()" classname="SearchTest$SearchAPITest" time="0.088"/>
  <system-out><![CDATA[]]></system-out>
  <system-err><![CDATA[]]></system-err>
</testsuite>
